{
  "RSpec": {
    "coverage": {
      "/Users/audra.matar/git_repos/dungeon/lib/dungeon/map/tiles/hall.rb": [
        1,
        null,
        null,
        1,
        1,
        1,
        1,
        1,
        1,
        null,
        null
      ],
      "/Users/audra.matar/git_repos/dungeon/lib/dungeon/map/tiles/tile.rb": [
        1,
        null,
        null,
        null,
        1,
        1,
        1,
        null,
        1,
        10,
        10,
        10,
        10,
        10,
        10,
        10,
        null,
        10,
        5,
        null,
        null,
        5,
        null,
        null,
        10,
        null,
        null,
        1,
        1,
        1,
        null,
        null,
        1,
        1,
        1,
        null,
        null,
        1,
        5,
        null,
        null,
        null,
        null,
        null,
        5,
        null,
        5,
        2,
        3,
        1,
        null,
        2,
        null,
        null,
        5,
        5,
        null,
        null,
        1,
        6,
        null,
        null,
        1,
        11,
        5,
        null,
        6,
        null,
        null,
        null
      ],
      "/Users/audra.matar/git_repos/dungeon/lib/dungeon/map/encounters/distressed_humanoid_encounter.rb": [
        1,
        null,
        null,
        1,
        null,
        1,
        10,
        10,
        10,
        null,
        null,
        1,
        null,
        1,
        10,
        5,
        null,
        5,
        null,
        null,
        null
      ],
      "/Users/audra.matar/git_repos/dungeon/lib/dungeon/map/encounters/encounter.rb": [
        1,
        1,
        null,
        null,
        1,
        1,
        null,
        1,
        null,
        1,
        49,
        49,
        null,
        null,
        1,
        null,
        null,
        null,
        1,
        null,
        null,
        null
      ],
      "/Users/audra.matar/git_repos/dungeon/lib/file_helper.rb": [
        1,
        1,
        1
      ],
      "/Users/audra.matar/git_repos/dungeon/lib/UI/encounter_ui.rb": [
        1,
        null,
        null,
        1,
        1,
        null,
        1,
        0,
        0,
        0,
        0,
        0,
        null,
        0,
        null,
        null
      ],
      "/Users/audra.matar/git_repos/dungeon/lib/UI/basic_ui.rb": [
        null,
        1,
        1,
        0,
        null,
        null,
        1,
        0,
        null,
        null,
        1,
        0,
        null,
        null,
        1,
        0,
        0,
        null,
        0,
        null,
        null,
        null,
        1,
        0,
        null,
        null,
        1,
        0,
        0,
        0,
        0,
        0,
        null,
        0,
        null,
        null,
        0,
        null,
        0,
        0,
        0,
        null,
        null,
        1,
        0,
        0,
        null,
        null,
        1,
        0,
        0,
        null,
        null
      ],
      "/Users/audra.matar/git_repos/dungeon/lib/dungeon/map/encounters/monster_encounter.rb": [
        1,
        1,
        1,
        null,
        null,
        1,
        1,
        15,
        15,
        15,
        null,
        null,
        1,
        0,
        0,
        0,
        null,
        0,
        0,
        0,
        null,
        null,
        1,
        null,
        1,
        15,
        5,
        10,
        5,
        5,
        5,
        null,
        null,
        null
      ],
      "/Users/audra.matar/git_repos/dungeon/lib/characters/enemy_character.rb": [
        1,
        1,
        1,
        null,
        null,
        1,
        1,
        null,
        1,
        1,
        1,
        null,
        null
      ],
      "/Users/audra.matar/git_repos/dungeon/lib/characters/character.rb": [
        1,
        1,
        null,
        null,
        1,
        1,
        1,
        null,
        1,
        1,
        null,
        1,
        1,
        1,
        1,
        1,
        1,
        1,
        1,
        1,
        1,
        1,
        1,
        null,
        null,
        1,
        0,
        0,
        null,
        null,
        1,
        0,
        0,
        null,
        null,
        1,
        0,
        0,
        0,
        null,
        null,
        1,
        0,
        0,
        0,
        null,
        null
      ],
      "/Users/audra.matar/git_repos/dungeon/lib/UI/character_ui.rb": [
        1,
        null,
        null,
        1,
        1,
        null,
        1,
        0,
        0,
        0,
        null,
        null,
        null,
        1,
        0,
        0,
        0,
        0,
        0,
        null,
        0,
        null,
        0,
        null,
        null
      ],
      "/Users/audra.matar/git_repos/dungeon/lib/characters/character_modules/character_combat.rb": [
        null,
        1,
        1,
        0,
        0,
        0,
        null,
        0,
        null,
        null,
        null,
        1,
        null,
        1,
        0,
        0,
        0,
        null,
        null
      ],
      "/Users/audra.matar/git_repos/dungeon/lib/characters/character_modules/ai_combat.rb": [
        null,
        1,
        1,
        0,
        0,
        0,
        0,
        0,
        null,
        null
      ],
      "/Users/audra.matar/git_repos/dungeon/lib/game/combat/combat_instance.rb": [
        1,
        1,
        null,
        null,
        1,
        1,
        null,
        1,
        null,
        1,
        0,
        0,
        0,
        0,
        0,
        0,
        0,
        0,
        0,
        null,
        null,
        null,
        1,
        0,
        0,
        null,
        null,
        1,
        0,
        0,
        0,
        0,
        0,
        0,
        0,
        0,
        null,
        0,
        null,
        0,
        null,
        null,
        0,
        null,
        null,
        1,
        0,
        0,
        null,
        null,
        1,
        null,
        1,
        0,
        0,
        0,
        null,
        null,
        1,
        0,
        0,
        null,
        null,
        1,
        0,
        0,
        0,
        0,
        0,
        0,
        0,
        0,
        null,
        0,
        0,
        null,
        null,
        null,
        null,
        1,
        0,
        0,
        0,
        0,
        0,
        0,
        0,
        null,
        null,
        null,
        null
      ],
      "/Users/audra.matar/git_repos/dungeon/lib/UI/combat_ui.rb": [
        1,
        null,
        null,
        1,
        1,
        null,
        1,
        0,
        0,
        0,
        0,
        0,
        0,
        null,
        null,
        1,
        0,
        0,
        0,
        0,
        0,
        0,
        0,
        0,
        0,
        0,
        null,
        0,
        null,
        null,
        0,
        null,
        null,
        0,
        null,
        null,
        null,
        1,
        0,
        0,
        0,
        0,
        0,
        0,
        0,
        null,
        null,
        1,
        0,
        0,
        0,
        null,
        null,
        null
      ],
      "/Users/audra.matar/git_repos/dungeon/lib/dungeon/map/encounters/puzzle_encounter.rb": [
        1,
        null,
        null,
        1,
        null,
        1,
        5,
        5,
        null,
        null,
        1,
        5,
        null,
        null
      ],
      "/Users/audra.matar/git_repos/dungeon/lib/dungeon/map/encounters/stairs_encounter.rb": [
        1,
        null,
        null,
        1,
        1,
        3,
        3,
        3,
        null,
        null,
        1,
        3,
        2,
        1,
        1,
        null,
        null,
        null
      ],
      "/Users/audra.matar/git_repos/dungeon/lib/dungeon/map/encounters/trap_encounter.rb": [
        1,
        null,
        null,
        1,
        null,
        1,
        5,
        5,
        null,
        null,
        1,
        5,
        null,
        null
      ],
      "/Users/audra.matar/git_repos/dungeon/lib/dungeon/map/encounters/treasure_encounter.rb": [
        1,
        null,
        null,
        1,
        null,
        1,
        10,
        10,
        10,
        null,
        null,
        1,
        10,
        5,
        null,
        5,
        null,
        null,
        null
      ],
      "/Users/audra.matar/git_repos/dungeon/lib/dungeon/map/tiles/room.rb": [
        1,
        null,
        null,
        1,
        1,
        1,
        1,
        1,
        1,
        null,
        null
      ],
      "/Users/audra.matar/git_repos/dungeon/lib/characters/ally_character.rb": [
        1,
        1,
        1,
        1,
        null,
        null,
        1,
        1,
        1,
        null,
        1,
        0,
        0,
        null,
        null
      ],
      "/Users/audra.matar/git_repos/dungeon/lib/characters/character_modules/controlled_combat.rb": [
        null,
        1,
        1,
        0,
        0,
        0,
        0,
        null,
        null
      ],
      "/Users/audra.matar/git_repos/dungeon/lib/UI/controlled_character_ui.rb": [
        1,
        null,
        null,
        1,
        1,
        null,
        1,
        0,
        0,
        0,
        null,
        0,
        0,
        0,
        0,
        0,
        0,
        0,
        null,
        null,
        null
      ],
      "/Users/audra.matar/git_repos/dungeon/lib/characters/character_modules/player_character_utilities.rb": [
        1,
        1,
        0,
        0,
        0,
        0,
        null,
        0,
        null,
        null
      ],
      "/Users/audra.matar/git_repos/dungeon/lib/characters/player_character.rb": [
        1,
        1,
        1,
        1,
        1,
        1,
        null,
        null,
        1,
        1,
        1,
        1,
        1,
        null,
        1,
        1,
        0,
        0,
        0,
        0,
        null,
        null,
        1,
        0,
        0,
        0,
        null,
        null,
        1,
        0,
        0,
        null,
        null,
        1,
        null,
        1,
        0,
        null,
        0,
        0,
        0,
        null,
        0,
        null,
        null,
        null,
        null,
        1,
        0,
        0,
        0,
        0,
        null,
        0,
        null,
        null
      ],
      "/Users/audra.matar/git_repos/dungeon/lib/UI/player_character_ui.rb": [
        1,
        null,
        1,
        1,
        null,
        1,
        0,
        0,
        0,
        0,
        0,
        0,
        0,
        0,
        0,
        0,
        null,
        0,
        null,
        null,
        0,
        null,
        0,
        0,
        0,
        0,
        0,
        0,
        null,
        null
      ]
    },
    "timestamp": 1536701544
  }
}
