{
  "RSpec": {
    "coverage": {
      "/Users/audra.matar/git_repos/dungeon/lib/map/map_factory.rb": [
        1,
        1,
        1,
        null,
        null,
        1,
        1,
        null,
        null,
        null,
        null,
        null,
        1,
        4,
        4,
        4,
        4,
        4,
        null,
        4,
        4,
        4,
        4,
        4,
        4,
        4,
        4,
        null,
        null,
        4,
        null,
        null,
        1,
        27,
        27,
        null,
        27,
        null,
        null,
        1,
        27,
        null,
        null,
        null,
        null,
        null,
        1,
        28,
        28,
        112,
        29,
        null,
        83,
        57,
        23,
        23,
        23,
        23,
        null,
        null,
        null,
        null,
        28,
        null,
        null,
        1,
        23,
        7,
        16,
        4,
        null,
        null,
        23,
        6,
        17,
        1,
        null,
        null,
        null,
        1,
        23,
        23,
        8,
        8,
        null,
        15,
        null,
        23,
        23,
        23,
        4,
        19,
        10,
        null,
        null,
        23,
        null,
        null,
        1,
        27,
        27,
        27,
        27,
        null,
        null
      ],
      "/Users/audra.matar/git_repos/dungeon/lib/map/tiles/hall.rb": [
        1,
        null,
        null,
        1,
        1,
        15,
        15,
        15,
        null,
        null
      ],
      "/Users/audra.matar/git_repos/dungeon/lib/map/tile.rb": [
        null,
        null,
        1,
        1,
        1,
        null,
        1,
        27,
        27,
        27,
        27,
        27,
        27,
        27,
        null,
        null,
        1,
        0,
        0,
        0,
        0,
        0,
        null,
        0,
        null,
        null,
        null,
        null,
        1,
        14,
        null,
        14,
        null,
        14,
        null,
        14,
        14,
        null,
        null
      ],
      "/Users/audra.matar/git_repos/dungeon/lib/map/tiles/room.rb": [
        1,
        null,
        null,
        1,
        1,
        12,
        12,
        12,
        null,
        null
      ]
    },
    "timestamp": 1535571303
  }
}
