{
  "RSpec": {
    "coverage": {
      "/Users/audra.matar/git_repos/dungeon/lib/characters/ally_character.rb": [
        1,
        1,
        1,
        1,
        null,
        null,
        1,
        1,
        1,
        null,
        1,
        0,
        0,
        null,
        null
      ],
      "/Users/audra.matar/git_repos/dungeon/lib/file_helper.rb": [
        1,
        1,
        1
      ],
      "/Users/audra.matar/git_repos/dungeon/lib/characters/character.rb": [
        1,
        1,
        null,
        null,
        1,
        1,
        1,
        null,
        1,
        1,
        null,
        1,
        12,
        12,
        12,
        12,
        12,
        12,
        12,
        12,
        12,
        12,
        12,
        null,
        null,
        1,
        1,
        1,
        null,
        null,
        1,
        1,
        1,
        null,
        null,
        1,
        15,
        15,
        15,
        null,
        null,
        1,
        7,
        7,
        7,
        null,
        null
      ],
      "/Users/audra.matar/git_repos/dungeon/lib/UI/character_ui.rb": [
        1,
        null,
        null,
        1,
        1,
        null,
        1,
        18,
        18,
        18,
        null,
        null,
        null,
        1,
        18,
        18,
        18,
        18,
        18,
        null,
        0,
        null,
        18,
        null,
        null
      ],
      "/Users/audra.matar/git_repos/dungeon/lib/UI/basic_ui.rb": [
        null,
        1,
        1,
        55,
        null,
        null,
        1,
        83,
        null,
        null,
        1,
        9,
        null,
        null,
        1,
        0,
        0,
        null,
        0,
        null,
        null,
        null,
        1,
        0,
        null,
        null,
        1,
        1,
        1,
        1,
        1,
        1,
        null,
        1,
        null,
        null,
        2,
        null,
        1,
        1,
        1,
        null,
        null,
        1,
        0,
        0,
        null,
        null,
        1,
        0,
        0,
        null,
        null
      ],
      "/Users/audra.matar/git_repos/dungeon/lib/characters/character_modules/character_combat.rb": [
        null,
        1,
        1,
        11,
        7,
        7,
        null,
        4,
        null,
        null,
        null,
        1,
        null,
        1,
        11,
        11,
        11,
        null,
        null
      ],
      "/Users/audra.matar/git_repos/dungeon/lib/characters/character_modules/controlled_combat.rb": [
        null,
        1,
        1,
        1,
        1,
        1,
        1,
        null,
        null
      ],
      "/Users/audra.matar/git_repos/dungeon/lib/UI/controlled_character_ui.rb": [
        1,
        null,
        null,
        1,
        1,
        null,
        1,
        1,
        2,
        1,
        null,
        1,
        1,
        1,
        1,
        2,
        1,
        0,
        null,
        null,
        null
      ],
      "/Users/audra.matar/git_repos/dungeon/lib/characters/character_modules/ai_combat.rb": [
        null,
        1,
        1,
        10,
        10,
        10,
        10,
        10,
        null,
        null
      ],
      "/Users/audra.matar/git_repos/dungeon/lib/characters/character_modules/player_character_utilities.rb": [
        1,
        1,
        0,
        0,
        0,
        0,
        null,
        0,
        null,
        null
      ],
      "/Users/audra.matar/git_repos/dungeon/lib/characters/enemy_character.rb": [
        1,
        1,
        1,
        null,
        null,
        1,
        1,
        null,
        1,
        6,
        6,
        null,
        null
      ],
      "/Users/audra.matar/git_repos/dungeon/lib/characters/player_character.rb": [
        1,
        1,
        1,
        1,
        1,
        1,
        null,
        null,
        1,
        1,
        1,
        1,
        1,
        null,
        1,
        1,
        2,
        2,
        2,
        2,
        null,
        null,
        1,
        4,
        4,
        4,
        null,
        null,
        1,
        2,
        2,
        null,
        null,
        1,
        null,
        1,
        6,
        null,
        6,
        24,
        18,
        null,
        6,
        null,
        null,
        null,
        null,
        1,
        6,
        6,
        6,
        6,
        null,
        6,
        null,
        null
      ],
      "/Users/audra.matar/git_repos/dungeon/lib/UI/player_character_ui.rb": [
        1,
        null,
        1,
        1,
        null,
        1,
        0,
        0,
        0,
        0,
        0,
        0,
        0,
        0,
        0,
        0,
        null,
        0,
        null,
        null,
        0,
        null,
        0,
        0,
        0,
        0,
        0,
        0,
        null,
        null
      ],
      "/Users/audra.matar/git_repos/dungeon/spec/character_spec.rb": [
        1,
        1,
        null,
        1,
        1,
        1,
        1,
        null,
        1,
        1,
        null,
        1,
        1,
        null,
        null,
        1,
        1,
        null,
        null,
        1,
        1,
        null,
        null,
        null,
        1,
        1,
        1,
        null,
        1,
        3,
        null,
        null,
        1,
        1,
        1,
        1,
        null,
        null,
        1,
        1,
        1,
        1,
        1,
        1,
        null,
        null,
        1,
        1,
        1,
        1,
        1,
        null,
        null,
        null,
        1,
        1,
        1,
        null,
        1,
        3,
        null,
        null,
        1,
        1,
        1,
        1,
        null,
        null,
        1,
        1,
        1,
        1,
        1,
        1,
        null,
        null,
        1,
        1,
        1,
        1,
        1,
        null,
        null,
        null
      ],
      "/Users/audra.matar/git_repos/dungeon/spec/combat_spec.rb": [
        1,
        1,
        1,
        1,
        1,
        null,
        1,
        1,
        1,
        1,
        1,
        1,
        1,
        1,
        null,
        1,
        1,
        1,
        1,
        null,
        null,
        1,
        1,
        1,
        1,
        null,
        null,
        null,
        null
      ],
      "/Users/audra.matar/git_repos/dungeon/lib/game/combat/combat_instance.rb": [
        1,
        1,
        null,
        null,
        1,
        1,
        null,
        1,
        null,
        1,
        1,
        1,
        1,
        1,
        1,
        1,
        1,
        1,
        1,
        null,
        null,
        null,
        1,
        1,
        1,
        null,
        null,
        1,
        1,
        5,
        5,
        5,
        9,
        9,
        4,
        4,
        null,
        5,
        null,
        9,
        null,
        null,
        1,
        null,
        null,
        1,
        9,
        9,
        null,
        null,
        1,
        null,
        1,
        16,
        13,
        13,
        null,
        null,
        1,
        1,
        1,
        null,
        null,
        1,
        1,
        1,
        1,
        1,
        1,
        1,
        1,
        1,
        null,
        0,
        0,
        null,
        null,
        null,
        null,
        1,
        1,
        1,
        1,
        1,
        1,
        1,
        1,
        null,
        null,
        null,
        null
      ],
      "/Users/audra.matar/git_repos/dungeon/lib/UI/combat_ui.rb": [
        1,
        null,
        null,
        1,
        1,
        null,
        1,
        9,
        9,
        9,
        9,
        9,
        9,
        null,
        null,
        1,
        9,
        9,
        9,
        9,
        72,
        576,
        18,
        0,
        18,
        9,
        null,
        9,
        null,
        null,
        558,
        null,
        null,
        72,
        null,
        null,
        null,
        1,
        9,
        9,
        9,
        9,
        9,
        9,
        9,
        null,
        null,
        1,
        9,
        9,
        11,
        null,
        null,
        null
      ],
      "/Users/audra.matar/git_repos/dungeon/lib/dungeon/map/tiles/hall.rb": [
        1,
        null,
        null,
        1,
        1,
        46,
        46,
        46,
        46,
        null,
        null
      ],
      "/Users/audra.matar/git_repos/dungeon/lib/dungeon/map/tiles/tile.rb": [
        1,
        null,
        null,
        null,
        1,
        1,
        1,
        null,
        1,
        88,
        88,
        88,
        88,
        88,
        88,
        88,
        null,
        88,
        55,
        null,
        null,
        33,
        null,
        null,
        88,
        null,
        null,
        1,
        1,
        1,
        null,
        null,
        1,
        1,
        1,
        null,
        null,
        1,
        55,
        null,
        null,
        null,
        null,
        null,
        55,
        null,
        55,
        9,
        46,
        8,
        null,
        38,
        null,
        null,
        55,
        55,
        null,
        null,
        1,
        89,
        55,
        null,
        34,
        null,
        null,
        null
      ],
      "/Users/audra.matar/git_repos/dungeon/lib/dungeon/map/encounters/distressed_humanoid_encounter.rb": [
        1,
        null,
        null,
        1,
        null,
        1,
        110,
        110,
        110,
        null,
        null,
        1,
        null,
        1,
        110,
        55,
        null,
        55,
        null,
        null,
        null
      ],
      "/Users/audra.matar/git_repos/dungeon/lib/dungeon/map/encounters/encounter.rb": [
        1,
        1,
        null,
        null,
        1,
        1,
        null,
        1,
        null,
        1,
        512,
        512,
        null,
        null,
        1,
        null,
        null,
        null,
        1,
        null,
        null,
        null
      ],
      "/Users/audra.matar/git_repos/dungeon/lib/UI/encounter_ui.rb": [
        1,
        null,
        null,
        1,
        1,
        null,
        1,
        0,
        0,
        0,
        0,
        0,
        null,
        0,
        null,
        null
      ],
      "/Users/audra.matar/git_repos/dungeon/lib/dungeon/map/encounters/monster_encounter.rb": [
        1,
        1,
        1,
        null,
        null,
        1,
        1,
        165,
        165,
        165,
        null,
        null,
        1,
        0,
        0,
        0,
        null,
        0,
        0,
        0,
        null,
        null,
        1,
        null,
        1,
        165,
        55,
        110,
        55,
        55,
        55,
        null,
        null,
        null
      ],
      "/Users/audra.matar/git_repos/dungeon/lib/dungeon/map/encounters/puzzle_encounter.rb": [
        1,
        null,
        null,
        1,
        null,
        1,
        55,
        55,
        null,
        null,
        1,
        55,
        null,
        null
      ],
      "/Users/audra.matar/git_repos/dungeon/lib/dungeon/map/encounters/stairs_encounter.rb": [
        1,
        null,
        null,
        1,
        1,
        17,
        17,
        17,
        null,
        null,
        1,
        17,
        9,
        8,
        8,
        null,
        null,
        null
      ],
      "/Users/audra.matar/git_repos/dungeon/lib/dungeon/map/encounters/trap_encounter.rb": [
        1,
        null,
        null,
        1,
        null,
        1,
        55,
        55,
        null,
        null,
        1,
        55,
        null,
        null
      ],
      "/Users/audra.matar/git_repos/dungeon/lib/dungeon/map/encounters/treasure_encounter.rb": [
        1,
        null,
        null,
        1,
        null,
        1,
        110,
        110,
        110,
        null,
        null,
        1,
        110,
        55,
        null,
        55,
        null,
        null,
        null
      ],
      "/Users/audra.matar/git_repos/dungeon/lib/dungeon/map/tiles/room.rb": [
        1,
        null,
        null,
        1,
        1,
        34,
        34,
        34,
        34,
        null,
        null
      ],
      "/Users/audra.matar/git_repos/dungeon/spec/dungeon_spec.rb": [
        1,
        1,
        null,
        1,
        1,
        1,
        null,
        1,
        1,
        1,
        1,
        1,
        null,
        null,
        null,
        1,
        1,
        1,
        null,
        1,
        1,
        1,
        1,
        1,
        1,
        1,
        null,
        null,
        null
      ],
      "/Users/audra.matar/git_repos/dungeon/lib/dungeon/dungeon.rb": [
        1,
        1,
        null,
        1,
        1,
        null,
        1,
        2,
        null,
        null,
        1,
        1,
        1,
        null,
        null
      ],
      "/Users/audra.matar/git_repos/dungeon/lib/dungeon/map/map_factory.rb": [
        1,
        1,
        null,
        null,
        1,
        null,
        null,
        null,
        null,
        1,
        7,
        7,
        7,
        7,
        7,
        null,
        7,
        7,
        7,
        7,
        7,
        7,
        7,
        7,
        null,
        null,
        7,
        null,
        7,
        null,
        null,
        7,
        null,
        null,
        1,
        75,
        null,
        75,
        null,
        null,
        1,
        75,
        null,
        null,
        null,
        null,
        null,
        1,
        68,
        272,
        74,
        null,
        198,
        130,
        68,
        68,
        68,
        null,
        null,
        null,
        null,
        null,
        null,
        1,
        68,
        27,
        41,
        4,
        null,
        null,
        68,
        16,
        52,
        3,
        null,
        null,
        null,
        1,
        68,
        68,
        23,
        23,
        23,
        null,
        45,
        45,
        null,
        68,
        68,
        42,
        null,
        null,
        null,
        1,
        68,
        68,
        68,
        7,
        61,
        16,
        45,
        19,
        null,
        68,
        null,
        null,
        1,
        76,
        76,
        76,
        76,
        null,
        null
      ],
      "/Users/audra.matar/git_repos/dungeon/spec/encounter_spec.rb": [
        1,
        1,
        1,
        null,
        1,
        null,
        null,
        1,
        null,
        null,
        1,
        null,
        null,
        1,
        null,
        null,
        1,
        null,
        null,
        1,
        null,
        null,
        1,
        null
      ],
      "/Users/audra.matar/git_repos/dungeon/spec/map_factory_spec.rb": [
        null,
        null,
        null,
        null,
        null,
        null,
        1,
        1,
        null,
        1,
        1,
        1,
        1,
        null,
        1,
        1,
        1,
        1,
        1,
        1,
        1,
        1,
        1,
        1,
        null,
        null,
        1,
        1,
        1,
        1,
        null,
        null,
        1,
        1,
        1,
        null,
        null,
        1,
        1,
        1,
        1,
        null,
        null,
        null,
        null,
        1,
        6,
        null
      ],
      "/Users/audra.matar/git_repos/dungeon/spec/player_character_spec.rb": [
        1,
        1,
        1,
        null,
        1,
        1,
        1,
        1,
        1,
        1,
        1,
        null,
        1,
        1,
        4,
        4,
        4,
        null,
        4,
        4,
        4,
        4,
        4,
        null,
        null,
        1,
        1,
        null,
        null,
        1,
        1,
        1,
        null,
        null,
        1,
        1,
        2,
        null,
        null,
        1,
        1,
        null,
        null,
        1,
        1,
        null,
        1,
        null,
        null,
        null,
        null
      ],
      "/Users/audra.matar/git_repos/dungeon/spec/tiles_spec.rb": [
        1,
        1,
        1,
        1,
        null,
        1,
        1,
        1,
        1,
        1,
        null,
        1,
        1,
        1,
        1,
        1,
        1,
        1,
        1,
        1,
        null,
        null,
        1,
        1,
        1,
        null,
        null,
        1,
        1,
        1,
        null,
        null,
        1,
        1,
        null,
        1,
        1,
        1,
        1,
        null,
        null,
        1,
        1,
        1,
        1,
        1,
        null,
        null,
        1,
        1,
        1,
        1,
        null,
        null,
        1,
        1,
        1,
        null,
        null,
        null,
        null,
        1,
        1,
        1,
        1,
        1,
        null,
        1,
        1,
        1,
        null,
        null,
        null,
        null,
        1,
        1,
        1,
        1,
        1,
        null,
        1,
        1,
        1,
        1,
        1,
        null,
        null,
        null,
        null,
        1,
        1,
        1,
        1,
        1,
        null,
        1,
        1,
        1,
        1,
        1,
        null,
        null,
        null
      ]
    },
    "timestamp": 1536700026
  }
}
